Using pre-set license
Built from '2021.3/staging' branch; Version is '2021.3.19f1 (c9714fde33b6) revision 13201743'; Using compiler version '192829333'; Build Type 'Release'
OS: 'Windows 11  (10.0.22621) 64bit Professional' Language: 'es' Physical Memory: 16310 MB
BatchMode: 1, IsHumanControllingUs: 0, StartBugReporterOnCrash: 0, Is64bit: 1, IsPro: 1

COMMAND LINE ARGUMENTS:
C:\Program Files\Unity\Hub\Editor\2021.3.19f1\Editor\Unity.exe
-adb2
-batchMode
-noUpm
-name
AssetImportWorker0
-projectPath
C:/Users/Luisa Maria/Downloads/GameZoo051023
-logFile
Logs/AssetImportWorker0.log
-srvPort
49310
Successfully changed project path to: C:/Users/Luisa Maria/Downloads/GameZoo051023
C:/Users/Luisa Maria/Downloads/GameZoo051023
[UnityMemory] Configuration Parameters - Can be set up in boot.config
    "memorysetup-bucket-allocator-granularity=16"
    "memorysetup-bucket-allocator-bucket-count=8"
    "memorysetup-bucket-allocator-block-size=33554432"
    "memorysetup-bucket-allocator-block-count=8"
    "memorysetup-main-allocator-block-size=16777216"
    "memorysetup-thread-allocator-block-size=16777216"
    "memorysetup-gfx-main-allocator-block-size=16777216"
    "memorysetup-gfx-thread-allocator-block-size=16777216"
    "memorysetup-cache-allocator-block-size=4194304"
    "memorysetup-typetree-allocator-block-size=2097152"
    "memorysetup-profiler-bucket-allocator-granularity=16"
    "memorysetup-profiler-bucket-allocator-bucket-count=8"
    "memorysetup-profiler-bucket-allocator-block-size=33554432"
    "memorysetup-profiler-bucket-allocator-block-count=8"
    "memorysetup-profiler-allocator-block-size=16777216"
    "memorysetup-profiler-editor-allocator-block-size=1048576"
    "memorysetup-temp-allocator-size-main=16777216"
    "memorysetup-job-temp-allocator-block-size=2097152"
    "memorysetup-job-temp-allocator-block-size-background=1048576"
    "memorysetup-job-temp-allocator-reduction-small-platforms=262144"
    "memorysetup-temp-allocator-size-background-worker=32768"
    "memorysetup-temp-allocator-size-job-worker=262144"
    "memorysetup-temp-allocator-size-preload-manager=33554432"
    "memorysetup-temp-allocator-size-nav-mesh-worker=65536"
    "memorysetup-temp-allocator-size-audio-worker=65536"
    "memorysetup-temp-allocator-size-cloud-worker=32768"
    "memorysetup-temp-allocator-size-gi-baking-worker=262144"
    "memorysetup-temp-allocator-size-gfx=262144"
Player connection [23376] Host "[IP] 192.168.1.13 [Port] 0 [Flags] 2 [Guid] 1281396022 [EditorId] 1281396022 [Version] 1048832 [Id] WindowsEditor(7,DESKTOP-6BTU54G) [Debug] 1 [PackageName] WindowsEditor [ProjectName] Editor" joined multi-casting on [225.0.0.222:54997]...

Player connection [23376] Host "[IP] 192.168.1.13 [Port] 0 [Flags] 2 [Guid] 1281396022 [EditorId] 1281396022 [Version] 1048832 [Id] WindowsEditor(7,DESKTOP-6BTU54G) [Debug] 1 [PackageName] WindowsEditor [ProjectName] Editor" joined alternative multi-casting on [225.0.0.222:34997]...

Refreshing native plugins compatible for Editor in 60.50 ms, found 3 plugins.
Preloading 0 native plugins for Editor in 0.00 ms.
Initialize engine version: 2021.3.19f1 (c9714fde33b6)
[Subsystems] Discovering subsystems at path C:/Program Files/Unity/Hub/Editor/2021.3.19f1/Editor/Data/Resources/UnitySubsystems
[Subsystems] Discovering subsystems at path C:/Users/Luisa Maria/Downloads/GameZoo051023/Assets
GfxDevice: creating device client; threaded=0; jobified=0
Direct3D:
    Version:  Direct3D 11.0 [level 11.1]
    Renderer: NVIDIA GeForce RTX 3060 (ID=0x2504)
    Vendor:   NVIDIA
    VRAM:     12129 MB
    Driver:   31.0.15.3758
Initialize mono
Mono path[0] = 'C:/Program Files/Unity/Hub/Editor/2021.3.19f1/Editor/Data/Managed'
Mono path[1] = 'C:/Program Files/Unity/Hub/Editor/2021.3.19f1/Editor/Data/MonoBleedingEdge/lib/mono/unityjit-win32'
Mono config path = 'C:/Program Files/Unity/Hub/Editor/2021.3.19f1/Editor/Data/MonoBleedingEdge/etc'
Using monoOptions --debugger-agent=transport=dt_socket,embedding=1,server=y,suspend=n,address=127.0.0.1:56412
Begin MonoManager ReloadAssembly
Registering precompiled unity dll's ...
Register platform support module: C:/Program Files/Unity/Hub/Editor/2021.3.19f1/Editor/Data/PlaybackEngines/WebGLSupport/UnityEditor.WebGL.Extensions.dll
Register platform support module: C:/Program Files/Unity/Hub/Editor/2021.3.19f1/Editor/Data/PlaybackEngines/WindowsStandaloneSupport/UnityEditor.WindowsStandalone.Extensions.dll
Registered in 0.003017 seconds.
Native extension for WindowsStandalone target not found
Native extension for WebGL target not found
Refreshing native plugins compatible for Editor in 53.67 ms, found 3 plugins.
Preloading 0 native plugins for Editor in 0.00 ms.
Mono: successfully reloaded assembly
- Completed reload, in  0.430 seconds
Domain Reload Profiling:
	ReloadAssembly (431ms)
		BeginReloadAssembly (50ms)
			ExecutionOrderSort (0ms)
			DisableScriptedObjects (0ms)
			BackupInstance (0ms)
			ReleaseScriptingObjects (0ms)
			CreateAndSetChildDomain (1ms)
		EndReloadAssembly (306ms)
			LoadAssemblies (49ms)
			RebuildTransferFunctionScriptingTraits (0ms)
			SetupTypeCache (72ms)
			ReleaseScriptCaches (0ms)
			RebuildScriptCaches (18ms)
			SetupLoadedEditorAssemblies (181ms)
				LogAssemblyErrors (0ms)
				InitializePlatformSupportModulesInManaged (6ms)
				SetLoadedEditorAssemblies (0ms)
				RefreshPlugins (54ms)
				BeforeProcessingInitializeOnLoad (1ms)
				ProcessInitializeOnLoadAttributes (88ms)
				ProcessInitializeOnLoadMethodAttributes (32ms)
				AfterProcessingInitializeOnLoad (0ms)
				EditorAssembliesLoaded (0ms)
			ExecutionOrderSort2 (0ms)
			AwakeInstancesAfterBackupRestoration (0ms)
Platform modules already initialized, skipping
Registering precompiled user dll's ...
Registered in 0.003926 seconds.
Begin MonoManager ReloadAssembly
Symbol file LoadedFromMemory doesn't match image C:\Users\Luisa Maria\Downloads\GameZoo051023\Library\PackageCache\com.unity.visualscripting@1.8.0\Editor\VisualScripting.Core\Dependencies\YamlDotNet\Unity.VisualScripting.YamlDotNet.dll
Symbol file LoadedFromMemory doesn't match image C:\Users\Luisa Maria\Downloads\GameZoo051023\Library\PackageCache\com.unity.visualscripting@1.8.0\Editor\VisualScripting.Core\Dependencies\DotNetZip\Unity.VisualScripting.IonicZip.dll
Native extension for WindowsStandalone target not found
Native extension for WebGL target not found
Refreshing native plugins compatible for Editor in 0.59 ms, found 3 plugins.
Preloading 0 native plugins for Editor in 0.00 ms.
Mono: successfully reloaded assembly
- Completed reload, in  0.701 seconds
Domain Reload Profiling:
	ReloadAssembly (702ms)
		BeginReloadAssembly (79ms)
			ExecutionOrderSort (0ms)
			DisableScriptedObjects (4ms)
			BackupInstance (0ms)
			ReleaseScriptingObjects (0ms)
			CreateAndSetChildDomain (16ms)
		EndReloadAssembly (543ms)
			LoadAssemblies (57ms)
			RebuildTransferFunctionScriptingTraits (0ms)
			SetupTypeCache (181ms)
			ReleaseScriptCaches (1ms)
			RebuildScriptCaches (37ms)
			SetupLoadedEditorAssemblies (239ms)
				LogAssemblyErrors (0ms)
				InitializePlatformSupportModulesInManaged (4ms)
				SetLoadedEditorAssemblies (0ms)
				RefreshPlugins (1ms)
				BeforeProcessingInitializeOnLoad (53ms)
				ProcessInitializeOnLoadAttributes (161ms)
				ProcessInitializeOnLoadMethodAttributes (15ms)
				AfterProcessingInitializeOnLoad (4ms)
				EditorAssembliesLoaded (0ms)
			ExecutionOrderSort2 (0ms)
			AwakeInstancesAfterBackupRestoration (4ms)
Platform modules already initialized, skipping
========================================================================
Worker process is ready to serve import requests
Launched and connected shader compiler UnityShaderCompiler.exe after 0.03 seconds
Refreshing native plugins compatible for Editor in 0.72 ms, found 3 plugins.
Preloading 0 native plugins for Editor in 0.00 ms.
Unloading 3322 Unused Serialized files (Serialized files now loaded: 0)
Unloading 28 unused Assets / (56.5 KB). Loaded Objects now: 3780.
Memory consumption went from 122.1 MB to 122.1 MB.
Total: 3.008900 ms (FindLiveObjects: 0.218200 ms CreateObjectMapping: 0.086000 ms MarkObjects: 2.625900 ms  DeleteObjects: 0.078100 ms)

AssetImportParameters requested are different than current active one (requested -> active):
  custom:video-decoder-ogg-theora: a1e56fd34408186e4bbccfd4996cb3dc -> 
  custom:container-muxer-webm: aa71ff27fc2769a1b78a27578f13a17b -> 
  custom:container-demuxer-webm: 4f35f7cbe854078d1ac9338744f61a02 -> 
  custom:video-encoder-webm-vp8: eb34c28f22e8b96e1ab97ce403110664 -> 
  custom:audio-encoder-webm-vorbis: bf7c407c2cedff20999df2af8eb42d56 -> 
  custom:framework-win-MediaFoundation: 216162199b28c13a410421893ffa2e32 -> 
  custom:container-demuxer-ogg: 62fdf1f143b41e24485cea50d1cbac27 -> 
  custom:video-decoder-webm-vp8: 9c59270c3fd7afecdb556c50c9e8de78 -> 
  custom:audio-decoder-ogg-vorbis: bf7c407c2cedff20999df2af8eb42d56 -> 
========================================================================
Received Import Request.
  Time since last request: 40643.715515 seconds.
  path: Assets/Font/Crunchy Time SDF.asset
  artifactKey: Guid(de07e29fd6fb2294f9b18252fd2c2a2e) Importer(815301076,1909f56bfc062723c751e8b465ee728b)
Start importing Assets/Font/Crunchy Time SDF.asset using Guid(de07e29fd6fb2294f9b18252fd2c2a2e) Importer(815301076,1909f56bfc062723c751e8b465ee728b)  -> (artifact id: '8796c731b53c17b9ce389b2b7ab79e53') in 0.109888 seconds 
========================================================================
Received Import Request.
  Time since last request: 12.315769 seconds.
  path: Assets/Model
  artifactKey: Guid(cfa6ea19d03b4e145ad0a450fa0987b2) Importer(815301076,1909f56bfc062723c751e8b465ee728b)
Start importing Assets/Model using Guid(cfa6ea19d03b4e145ad0a450fa0987b2) Importer(815301076,1909f56bfc062723c751e8b465ee728b)  -> (artifact id: '6dfbdbb754e192fe100256c613f2fd00') in 0.005446 seconds 
========================================================================
Received Import Request.
  Time since last request: 0.072969 seconds.
  path: Assets/Model/AsetsVideojuegoZOOGUYS.blend
  artifactKey: Guid(ef8df95f26190fa4690a0faf2e151884) Importer(815301076,1909f56bfc062723c751e8b465ee728b)
Start importing Assets/Model/AsetsVideojuegoZOOGUYS.blend using Guid(ef8df95f26190fa4690a0faf2e151884) Importer(815301076,1909f56bfc062723c751e8b465ee728b)  -> (artifact id: '3c46aa40a67283ab342b3574c956c8b3') in 0.345783 seconds 
========================================================================
Received Import Request.
  Time since last request: 45.856580 seconds.
  path: Assets/Model/mapaNumero2copia.blend
  artifactKey: Guid(3afde5d89c90e6449aaa0ee400a70e00) Importer(815301076,1909f56bfc062723c751e8b465ee728b)
Start importing Assets/Model/mapaNumero2copia.blend using Guid(3afde5d89c90e6449aaa0ee400a70e00) Importer(815301076,1909f56bfc062723c751e8b465ee728b)  -> (artifact id: '4a3ab89301266e32147af83ff70bf2d7') in 0.498189 seconds 
========================================================================
Received Import Request.
  Time since last request: 8.408202 seconds.
  path: Assets/Model/Materials
  artifactKey: Guid(2f75964b7350b9f488ec148d8648f4cf) Importer(815301076,1909f56bfc062723c751e8b465ee728b)
Start importing Assets/Model/Materials using Guid(2f75964b7350b9f488ec148d8648f4cf) Importer(815301076,1909f56bfc062723c751e8b465ee728b)  -> (artifact id: 'dd3a4e95c898a52701f1af5b664493ee') in 0.005742 seconds 
========================================================================
Received Import Request.
  Time since last request: 0.113342 seconds.
  path: Assets/Model/Materials/baseFlotante.mat
  artifactKey: Guid(ddd2dc3046e62d24a9d98f0378da1423) Importer(815301076,1909f56bfc062723c751e8b465ee728b)
Start importing Assets/Model/Materials/baseFlotante.mat using Guid(ddd2dc3046e62d24a9d98f0378da1423) Importer(815301076,1909f56bfc062723c751e8b465ee728b)  -> (artifact id: 'dcd13cf9ad7955bd5348f3814055542d') in 0.015509 seconds 
========================================================================
Received Import Request.
  Time since last request: 0.000019 seconds.
  path: Assets/Model/Materials/Material.013.mat
  artifactKey: Guid(9292704c51c921a408af9f660d8ee078) Importer(815301076,1909f56bfc062723c751e8b465ee728b)
Start importing Assets/Model/Materials/Material.013.mat using Guid(9292704c51c921a408af9f660d8ee078) Importer(815301076,1909f56bfc062723c751e8b465ee728b)  -> (artifact id: 'fd5b424223b264c1bcfc1285d9df2b2e') in 0.050561 seconds 
========================================================================
Received Import Request.
  Time since last request: 0.000019 seconds.
  path: Assets/Model/Materials/Material.011.mat
  artifactKey: Guid(d5d76f0a97ae54d4880a9af1a196385f) Importer(815301076,1909f56bfc062723c751e8b465ee728b)
Start importing Assets/Model/Materials/Material.011.mat using Guid(d5d76f0a97ae54d4880a9af1a196385f) Importer(815301076,1909f56bfc062723c751e8b465ee728b)  -> (artifact id: 'cd103ce8d25fa83a309818b73ca1f7d0') in 0.010646 seconds 
========================================================================
Received Import Request.
  Time since last request: 0.000020 seconds.
  path: Assets/Model/Materials/Material.010.mat
  artifactKey: Guid(bb7d40d0b95a7ec4a8ed353e3656b47e) Importer(815301076,1909f56bfc062723c751e8b465ee728b)
Start importing Assets/Model/Materials/Material.010.mat using Guid(bb7d40d0b95a7ec4a8ed353e3656b47e) Importer(815301076,1909f56bfc062723c751e8b465ee728b)  -> (artifact id: '5bbf3c50e312b4c83e8297ec0ba4b2be') in 0.009972 seconds 
========================================================================
Received Import Request.
  Time since last request: 0.000023 seconds.
  path: Assets/Model/Materials/Material.004.mat
  artifactKey: Guid(59501cf0752a47e459ea8df2f3ce9205) Importer(815301076,1909f56bfc062723c751e8b465ee728b)
Start importing Assets/Model/Materials/Material.004.mat using Guid(59501cf0752a47e459ea8df2f3ce9205) Importer(815301076,1909f56bfc062723c751e8b465ee728b)  -> (artifact id: '335728ecea8fb234aee3a95ea96e8cc4') in 0.009772 seconds 
========================================================================
Received Import Request.
  Time since last request: 0.000020 seconds.
  path: Assets/Model/Materials/Material.008.mat
  artifactKey: Guid(a46ed559ea449754a9e855b00f5c87af) Importer(815301076,1909f56bfc062723c751e8b465ee728b)
Start importing Assets/Model/Materials/Material.008.mat using Guid(a46ed559ea449754a9e855b00f5c87af) Importer(815301076,1909f56bfc062723c751e8b465ee728b)  -> (artifact id: '32ca3ed30e4fd35423d7df3065e0fd20') in 0.009065 seconds 
Editor requested this worker to shutdown with reason: Scaling down because of idle timeout
AssetImportWorker is now disconnected from the server
Process exiting
Exiting without the bug reporter. Application will terminate with return code 0