Using pre-set license
Built from '2021.3/staging' branch; Version is '2021.3.19f1 (c9714fde33b6) revision 13201743'; Using compiler version '192829333'; Build Type 'Release'
OS: 'Windows 10  (10.0.19044) 64bit Professional' Language: 'es' Physical Memory: 15994 MB
BatchMode: 1, IsHumanControllingUs: 0, StartBugReporterOnCrash: 0, Is64bit: 1, IsPro: 1

COMMAND LINE ARGUMENTS:
C:\Program Files\Unity\Hub\Editor\2021.3.19f1\Editor\Unity.exe
-adb2
-batchMode
-noUpm
-name
AssetImportWorker3
-projectPath
C:/Users/108/Downloads/GameZoo051023
-logFile
Logs/AssetImportWorker3.log
-srvPort
56843
Successfully changed project path to: C:/Users/108/Downloads/GameZoo051023
C:/Users/108/Downloads/GameZoo051023
[UnityMemory] Configuration Parameters - Can be set up in boot.config
    "memorysetup-bucket-allocator-granularity=16"
    "memorysetup-bucket-allocator-bucket-count=8"
    "memorysetup-bucket-allocator-block-size=33554432"
    "memorysetup-bucket-allocator-block-count=8"
    "memorysetup-main-allocator-block-size=16777216"
    "memorysetup-thread-allocator-block-size=16777216"
    "memorysetup-gfx-main-allocator-block-size=16777216"
    "memorysetup-gfx-thread-allocator-block-size=16777216"
    "memorysetup-cache-allocator-block-size=4194304"
    "memorysetup-typetree-allocator-block-size=2097152"
    "memorysetup-profiler-bucket-allocator-granularity=16"
    "memorysetup-profiler-bucket-allocator-bucket-count=8"
    "memorysetup-profiler-bucket-allocator-block-size=33554432"
    "memorysetup-profiler-bucket-allocator-block-count=8"
    "memorysetup-profiler-allocator-block-size=16777216"
    "memorysetup-profiler-editor-allocator-block-size=1048576"
    "memorysetup-temp-allocator-size-main=16777216"
    "memorysetup-job-temp-allocator-block-size=2097152"
    "memorysetup-job-temp-allocator-block-size-background=1048576"
    "memorysetup-job-temp-allocator-reduction-small-platforms=262144"
    "memorysetup-temp-allocator-size-background-worker=32768"
    "memorysetup-temp-allocator-size-job-worker=262144"
    "memorysetup-temp-allocator-size-preload-manager=33554432"
    "memorysetup-temp-allocator-size-nav-mesh-worker=65536"
    "memorysetup-temp-allocator-size-audio-worker=65536"
    "memorysetup-temp-allocator-size-cloud-worker=32768"
    "memorysetup-temp-allocator-size-gi-baking-worker=262144"
    "memorysetup-temp-allocator-size-gfx=262144"
Player connection [10252] Host "[IP] 172.16.59.161 [Port] 0 [Flags] 2 [Guid] 1245948689 [EditorId] 1245948689 [Version] 1048832 [Id] WindowsEditor(7,108-03) [Debug] 1 [PackageName] WindowsEditor [ProjectName] Editor" joined multi-casting on [225.0.0.222:54997]...

Player connection [10252] Host "[IP] 172.16.59.161 [Port] 0 [Flags] 2 [Guid] 1245948689 [EditorId] 1245948689 [Version] 1048832 [Id] WindowsEditor(7,108-03) [Debug] 1 [PackageName] WindowsEditor [ProjectName] Editor" joined alternative multi-casting on [225.0.0.222:34997]...

Refreshing native plugins compatible for Editor in 72.28 ms, found 3 plugins.
Preloading 0 native plugins for Editor in 0.00 ms.
Initialize engine version: 2021.3.19f1 (c9714fde33b6)
[Subsystems] Discovering subsystems at path C:/Program Files/Unity/Hub/Editor/2021.3.19f1/Editor/Data/Resources/UnitySubsystems
[Subsystems] Discovering subsystems at path C:/Users/108/Downloads/GameZoo051023/Assets
GfxDevice: creating device client; threaded=0; jobified=0
Direct3D:
    Version:  Direct3D 11.0 [level 11.1]
    Renderer: NVIDIA GeForce RTX 3060 (ID=0x2504)
    Vendor:   NVIDIA
    VRAM:     12143 MB
    Driver:   30.0.14.7239
Initialize mono
Mono path[0] = 'C:/Program Files/Unity/Hub/Editor/2021.3.19f1/Editor/Data/Managed'
Mono path[1] = 'C:/Program Files/Unity/Hub/Editor/2021.3.19f1/Editor/Data/MonoBleedingEdge/lib/mono/unityjit-win32'
Mono config path = 'C:/Program Files/Unity/Hub/Editor/2021.3.19f1/Editor/Data/MonoBleedingEdge/etc'
Using monoOptions --debugger-agent=transport=dt_socket,embedding=1,server=y,suspend=n,address=127.0.0.1:56804
Begin MonoManager ReloadAssembly
Registering precompiled unity dll's ...
Register platform support module: C:/Program Files/Unity/Hub/Editor/2021.3.19f1/Editor/Data/PlaybackEngines/WebGLSupport/UnityEditor.WebGL.Extensions.dll
Register platform support module: C:/Program Files/Unity/Hub/Editor/2021.3.19f1/Editor/Data/PlaybackEngines/MacStandaloneSupport/UnityEditor.OSXStandalone.Extensions.dll
Register platform support module: C:/Program Files/Unity/Hub/Editor/2021.3.19f1/Editor/Data/PlaybackEngines/AndroidPlayer/UnityEditor.Android.Extensions.dll
Register platform support module: C:/Program Files/Unity/Hub/Editor/2021.3.19f1/Editor/Data/PlaybackEngines/iOSSupport/UnityEditor.iOS.Extensions.dll
Register platform support module: C:/Program Files/Unity/Hub/Editor/2021.3.19f1/Editor/Data/PlaybackEngines/AppleTVSupport/UnityEditor.AppleTV.Extensions.dll
Register platform support module: C:/Program Files/Unity/Hub/Editor/2021.3.19f1/Editor/Data/PlaybackEngines/WindowsStandaloneSupport/UnityEditor.WindowsStandalone.Extensions.dll
Register platform support module: C:/Program Files/Unity/Hub/Editor/2021.3.19f1/Editor/Data/PlaybackEngines/LinuxStandaloneSupport/UnityEditor.LinuxStandalone.Extensions.dll
Register platform support module: C:/Program Files/Unity/Hub/Editor/2021.3.19f1/Editor/Data/PlaybackEngines/MetroSupport/UnityEditor.UWP.Extensions.dll
Registered in 0.011008 seconds.
Native extension for UWP target not found
Native extension for LinuxStandalone target not found
Native extension for WindowsStandalone target not found
[usbmuxd] Start listen thread
[usbmuxd] Listen thread started
Native extension for AppleTV target not found
[usbmuxd] Start listen thread
[usbmuxd] Listen thread started
Native extension for iOS target not found
Native extension for Android target not found
Android Extension - Scanning For ADB Devices 1524 ms
Native extension for OSXStandalone target not found
Native extension for WebGL target not found
Refreshing native plugins compatible for Editor in 57.74 ms, found 3 plugins.
Preloading 0 native plugins for Editor in 0.00 ms.
Mono: successfully reloaded assembly
- Completed reload, in  2.085 seconds
Domain Reload Profiling:
	ReloadAssembly (2086ms)
		BeginReloadAssembly (70ms)
			ExecutionOrderSort (0ms)
			DisableScriptedObjects (0ms)
			BackupInstance (0ms)
			ReleaseScriptingObjects (0ms)
			CreateAndSetChildDomain (1ms)
		EndReloadAssembly (1921ms)
			LoadAssemblies (67ms)
			RebuildTransferFunctionScriptingTraits (0ms)
			SetupTypeCache (89ms)
			ReleaseScriptCaches (0ms)
			RebuildScriptCaches (22ms)
			SetupLoadedEditorAssemblies (1766ms)
				LogAssemblyErrors (0ms)
				InitializePlatformSupportModulesInManaged (1598ms)
				SetLoadedEditorAssemblies (0ms)
				RefreshPlugins (58ms)
				BeforeProcessingInitializeOnLoad (1ms)
				ProcessInitializeOnLoadAttributes (68ms)
				ProcessInitializeOnLoadMethodAttributes (40ms)
				AfterProcessingInitializeOnLoad (0ms)
				EditorAssembliesLoaded (0ms)
			ExecutionOrderSort2 (0ms)
			AwakeInstancesAfterBackupRestoration (0ms)
Platform modules already initialized, skipping
Registering precompiled user dll's ...
Registered in 0.007832 seconds.
Begin MonoManager ReloadAssembly
Symbol file LoadedFromMemory doesn't match image C:\Users\108\Downloads\GameZoo051023\Library\PackageCache\com.unity.visualscripting@1.8.0\Editor\VisualScripting.Core\Dependencies\YamlDotNet\Unity.VisualScripting.YamlDotNet.dll
Symbol file LoadedFromMemory doesn't match image C:\Users\108\Downloads\GameZoo051023\Library\PackageCache\com.unity.visualscripting@1.8.0\Editor\VisualScripting.Core\Dependencies\DotNetZip\Unity.VisualScripting.IonicZip.dll
Native extension for UWP target not found
Native extension for LinuxStandalone target not found
Native extension for WindowsStandalone target not found
Native extension for AppleTV target not found
Native extension for iOS target not found
Native extension for Android target not found
Native extension for OSXStandalone target not found
Native extension for WebGL target not found
Refreshing native plugins compatible for Editor in 0.55 ms, found 3 plugins.
Preloading 0 native plugins for Editor in 0.00 ms.
Mono: successfully reloaded assembly
- Completed reload, in  0.940 seconds
Domain Reload Profiling:
	ReloadAssembly (941ms)
		BeginReloadAssembly (125ms)
			ExecutionOrderSort (0ms)
			DisableScriptedObjects (6ms)
			BackupInstance (0ms)
			ReleaseScriptingObjects (0ms)
			CreateAndSetChildDomain (27ms)
		EndReloadAssembly (711ms)
			LoadAssemblies (97ms)
			RebuildTransferFunctionScriptingTraits (0ms)
			SetupTypeCache (237ms)
			ReleaseScriptCaches (0ms)
			RebuildScriptCaches (47ms)
			SetupLoadedEditorAssemblies (302ms)
				LogAssemblyErrors (0ms)
				InitializePlatformSupportModulesInManaged (33ms)
				SetLoadedEditorAssemblies (0ms)
				RefreshPlugins (1ms)
				BeforeProcessingInitializeOnLoad (65ms)
				ProcessInitializeOnLoadAttributes (178ms)
				ProcessInitializeOnLoadMethodAttributes (17ms)
				AfterProcessingInitializeOnLoad (8ms)
				EditorAssembliesLoaded (0ms)
			ExecutionOrderSort2 (0ms)
			AwakeInstancesAfterBackupRestoration (11ms)
Platform modules already initialized, skipping
========================================================================
Worker process is ready to serve import requests
Launched and connected shader compiler UnityShaderCompiler.exe after 0.08 seconds
Refreshing native plugins compatible for Editor in 1.08 ms, found 3 plugins.
Preloading 0 native plugins for Editor in 0.00 ms.
Unloading 3322 Unused Serialized files (Serialized files now loaded: 0)
Unloading 28 unused Assets / (56.4 KB). Loaded Objects now: 3782.
Memory consumption went from 122.2 MB to 122.1 MB.
Total: 3.306200 ms (FindLiveObjects: 0.343800 ms CreateObjectMapping: 0.120000 ms MarkObjects: 2.733300 ms  DeleteObjects: 0.108200 ms)

AssetImportParameters requested are different than current active one (requested -> active):
  custom:video-decoder-ogg-theora: a1e56fd34408186e4bbccfd4996cb3dc -> 
  custom:container-muxer-webm: aa71ff27fc2769a1b78a27578f13a17b -> 
  custom:container-demuxer-webm: 4f35f7cbe854078d1ac9338744f61a02 -> 
  custom:video-encoder-webm-vp8: eb34c28f22e8b96e1ab97ce403110664 -> 
  custom:audio-encoder-webm-vorbis: bf7c407c2cedff20999df2af8eb42d56 -> 
  custom:framework-win-MediaFoundation: 216162199b28c13a410421893ffa2e32 -> 
  custom:container-demuxer-ogg: 62fdf1f143b41e24485cea50d1cbac27 -> 
  custom:video-decoder-webm-vp8: 9c59270c3fd7afecdb556c50c9e8de78 -> 
  custom:audio-decoder-ogg-vorbis: bf7c407c2cedff20999df2af8eb42d56 -> 
========================================================================
Received Import Request.
  Time since last request: 3440.112302 seconds.
  path: Assets/JMO Assets/Cartoon FX (legacy)/CFX2 Prefabs/Pickup Items/CFX2_PickupDiamond2.prefab
  artifactKey: Guid(aa3fed151f536ee49b583c6a3ac4a2e1) Importer(815301076,1909f56bfc062723c751e8b465ee728b)
Start importing Assets/JMO Assets/Cartoon FX (legacy)/CFX2 Prefabs/Pickup Items/CFX2_PickupDiamond2.prefab using Guid(aa3fed151f536ee49b583c6a3ac4a2e1) Importer(815301076,1909f56bfc062723c751e8b465ee728b)  -> (artifact id: '965b3df98e36714a8075a19bbba0fbc2') in 0.139761 seconds 
========================================================================
Received Import Request.
  Time since last request: 0.000037 seconds.
  path: Assets/JMO Assets/Cartoon FX (legacy)/CFX4 Prefabs/Magic/CFX4 Disruptive Force.prefab
  artifactKey: Guid(db50ab1c866680e4bb870bf5eb72dd3d) Importer(815301076,1909f56bfc062723c751e8b465ee728b)
Start importing Assets/JMO Assets/Cartoon FX (legacy)/CFX4 Prefabs/Magic/CFX4 Disruptive Force.prefab using Guid(db50ab1c866680e4bb870bf5eb72dd3d) Importer(815301076,1909f56bfc062723c751e8b465ee728b)  -> (artifact id: '9936d4a5e167e9ea80eec03bc6ed87e8') in 0.014381 seconds 
========================================================================
Received Import Request.
  Time since last request: 0.000032 seconds.
  path: Assets/JMO Assets/Cartoon FX Remaster/CFXR Prefabs/Texts/CFXR _BOOM_.prefab
  artifactKey: Guid(26e1cb216e3635e4a820f58a1118d6b9) Importer(815301076,1909f56bfc062723c751e8b465ee728b)
Start importing Assets/JMO Assets/Cartoon FX Remaster/CFXR Prefabs/Texts/CFXR _BOOM_.prefab using Guid(26e1cb216e3635e4a820f58a1118d6b9) Importer(815301076,1909f56bfc062723c751e8b465ee728b)  -> (artifact id: '265ecb91c12ae81cfd7fd293465f8b89') in 0.103442 seconds 
========================================================================
Received Import Request.
  Time since last request: 0.000042 seconds.
  path: Assets/JMO Assets/Cartoon FX (legacy)/CFX3 Prefabs/Light/CFX3_ResurrectionLight_Circle.prefab
  artifactKey: Guid(ada5d62ffe762ce4fbccc70dcdbc9022) Importer(815301076,1909f56bfc062723c751e8b465ee728b)
Start importing Assets/JMO Assets/Cartoon FX (legacy)/CFX3 Prefabs/Light/CFX3_ResurrectionLight_Circle.prefab using Guid(ada5d62ffe762ce4fbccc70dcdbc9022) Importer(815301076,1909f56bfc062723c751e8b465ee728b)  -> (artifact id: 'a4b32b4b34d5a769cc7bcf06bdf07537') in 0.019890 seconds 
========================================================================
Received Import Request.
  Time since last request: 0.000033 seconds.
  path: Assets/JMO Assets/Cartoon FX (legacy)/CFX2 Prefabs/Explosions/CFX2_WWExplosion_C.prefab
  artifactKey: Guid(aa8d6482d70a23445b4b2a928ed1b845) Importer(815301076,1909f56bfc062723c751e8b465ee728b)
Start importing Assets/JMO Assets/Cartoon FX (legacy)/CFX2 Prefabs/Explosions/CFX2_WWExplosion_C.prefab using Guid(aa8d6482d70a23445b4b2a928ed1b845) Importer(815301076,1909f56bfc062723c751e8b465ee728b)  -> (artifact id: '31bde59de945bd0ba53b95c23275ba9f') in 0.062051 seconds 
========================================================================
Received Import Request.
  Time since last request: 0.000020 seconds.
  path: Assets/JMO Assets/Cartoon FX (legacy)/CFX Prefabs/Explosions/CFX_Firework_Trails_Gravity.prefab
  artifactKey: Guid(4adffb0018aeda44e9263f901167af1f) Importer(815301076,1909f56bfc062723c751e8b465ee728b)
Start importing Assets/JMO Assets/Cartoon FX (legacy)/CFX Prefabs/Explosions/CFX_Firework_Trails_Gravity.prefab using Guid(4adffb0018aeda44e9263f901167af1f) Importer(815301076,1909f56bfc062723c751e8b465ee728b)  -> (artifact id: 'e98914b33ce9c3384c2c39ee98a8639a') in 0.037393 seconds 
========================================================================
Received Import Request.
  Time since last request: 0.000023 seconds.
  path: Assets/JMO Assets/Cartoon FX Remaster/CFXR Assets/Meshes/cfxr mesh foam.fbx
  artifactKey: Guid(efd0ff1193063db498e9ddb30e96e4ee) Importer(815301076,1909f56bfc062723c751e8b465ee728b)
Start importing Assets/JMO Assets/Cartoon FX Remaster/CFXR Assets/Meshes/cfxr mesh foam.fbx using Guid(efd0ff1193063db498e9ddb30e96e4ee) Importer(815301076,1909f56bfc062723c751e8b465ee728b)  -> (artifact id: 'dc243c12c89cb6a6f88240800c02ae31') in 0.045400 seconds 
========================================================================
Received Import Request.
  Time since last request: 0.000033 seconds.
  path: Assets/JMO Assets/Cartoon FX Remaster/CFXR Prefabs/Misc/CFXR Magic Poof.prefab
  artifactKey: Guid(c4f829cb7dd4b864caf8832ec5b1ee55) Importer(815301076,1909f56bfc062723c751e8b465ee728b)
Start importing Assets/JMO Assets/Cartoon FX Remaster/CFXR Prefabs/Misc/CFXR Magic Poof.prefab using Guid(c4f829cb7dd4b864caf8832ec5b1ee55) Importer(815301076,1909f56bfc062723c751e8b465ee728b)  -> (artifact id: '53ab12ec2a1c9a3876c24b398e7a7da9') in 0.216852 seconds 
========================================================================
Received Import Request.
  Time since last request: 0.000061 seconds.
  path: Assets/JMO Assets/Cartoon FX Remaster/CFXR Prefabs/Fire/CFXR2 Firewall A.prefab
  artifactKey: Guid(2af5562ce69fc2d448481a1587a352a5) Importer(815301076,1909f56bfc062723c751e8b465ee728b)
Start importing Assets/JMO Assets/Cartoon FX Remaster/CFXR Prefabs/Fire/CFXR2 Firewall A.prefab using Guid(2af5562ce69fc2d448481a1587a352a5) Importer(815301076,1909f56bfc062723c751e8b465ee728b)  -> (artifact id: '18af149a8478914f77af7a5e10e9d770') in 0.109220 seconds 
========================================================================
Received Import Request.
  Time since last request: 0.000039 seconds.
  path: Assets/JMO Assets/Cartoon FX Remaster/CFXR Assets/Meshes/cfxr mesh leave.fbx
  artifactKey: Guid(f8defa343e39b2545bf3101b50eefa17) Importer(815301076,1909f56bfc062723c751e8b465ee728b)
Start importing Assets/JMO Assets/Cartoon FX Remaster/CFXR Assets/Meshes/cfxr mesh leave.fbx using Guid(f8defa343e39b2545bf3101b50eefa17) Importer(815301076,1909f56bfc062723c751e8b465ee728b)  -> (artifact id: '39eaa40e3f98ee5166a9d414fc4a133a') in 0.051709 seconds 
========================================================================
Received Import Request.
  Time since last request: 0.000031 seconds.
  path: Assets/JMO Assets/Cartoon FX Remaster/CFXR Prefabs/Impacts/CFXR Impact Glowing HDR (Blue).prefab
  artifactKey: Guid(6398d43fe79ea0140913dc5530c646af) Importer(815301076,1909f56bfc062723c751e8b465ee728b)
Start importing Assets/JMO Assets/Cartoon FX Remaster/CFXR Prefabs/Impacts/CFXR Impact Glowing HDR (Blue).prefab using Guid(6398d43fe79ea0140913dc5530c646af) Importer(815301076,1909f56bfc062723c751e8b465ee728b)  -> (artifact id: 'cd9d41823ce33ecc891e400df0d8f101') in 0.238886 seconds 
========================================================================
Received Import Request.
  Time since last request: 0.000042 seconds.
  path: Assets/JMO Assets/Cartoon FX (legacy)/CFX4 Prefabs/Misc/CFX4 Drill Air Hit (NO COLLISION).prefab
  artifactKey: Guid(f01c1eba69de19e44b04d8d651aaac37) Importer(815301076,1909f56bfc062723c751e8b465ee728b)
Start importing Assets/JMO Assets/Cartoon FX (legacy)/CFX4 Prefabs/Misc/CFX4 Drill Air Hit (NO COLLISION).prefab using Guid(f01c1eba69de19e44b04d8d651aaac37) Importer(815301076,1909f56bfc062723c751e8b465ee728b)  -> (artifact id: 'febc583c5fd595d5d615cef9ae5d67a2') in 0.017047 seconds 
========================================================================
Received Import Request.
  Time since last request: 0.000046 seconds.
  path: Assets/JMO Assets/Cartoon FX (legacy)/CFX2 Prefabs/Pickup Items/CFX2_PickupHeart.prefab
  artifactKey: Guid(3af6f68141914ca43ba39b2403757bd0) Importer(815301076,1909f56bfc062723c751e8b465ee728b)
Start importing Assets/JMO Assets/Cartoon FX (legacy)/CFX2 Prefabs/Pickup Items/CFX2_PickupHeart.prefab using Guid(3af6f68141914ca43ba39b2403757bd0) Importer(815301076,1909f56bfc062723c751e8b465ee728b)  -> (artifact id: 'd0ba52fc0ec8a3f6b5c3ad4d2303ce5f') in 0.018431 seconds 
========================================================================
Received Import Request.
  Time since last request: 0.000027 seconds.
  path: Assets/JMO Assets/Cartoon FX Remaster/CFXR Prefabs/Texts/CFXR _SLASH_.prefab
  artifactKey: Guid(019faff12646bd8438ea56e8e7861fd8) Importer(815301076,1909f56bfc062723c751e8b465ee728b)
Start importing Assets/JMO Assets/Cartoon FX Remaster/CFXR Prefabs/Texts/CFXR _SLASH_.prefab using Guid(019faff12646bd8438ea56e8e7861fd8) Importer(815301076,1909f56bfc062723c751e8b465ee728b)  -> (artifact id: '55957443a60bd8d9bd2df8bf5a0017da') in 0.018465 seconds 
========================================================================
Received Import Request.
  Time since last request: 0.000034 seconds.
  path: Assets/JMO Assets/Cartoon FX Remaster/CFXR Prefabs/Impacts/CFXR2 Ground Hit.prefab
  artifactKey: Guid(87ee7299dd44ed747af24dbb91bcd33b) Importer(815301076,1909f56bfc062723c751e8b465ee728b)
Start importing Assets/JMO Assets/Cartoon FX Remaster/CFXR Prefabs/Impacts/CFXR2 Ground Hit.prefab using Guid(87ee7299dd44ed747af24dbb91bcd33b) Importer(815301076,1909f56bfc062723c751e8b465ee728b)  -> (artifact id: '23b530bb2c134068c0aebd9c00af15ec') in 0.075774 seconds 
========================================================================
Received Import Request.
  Time since last request: 0.000023 seconds.
  path: Assets/JMO Assets/Cartoon FX (legacy)/CFX3 Prefabs/Misc/CFX3_Hit_Misc_B_Gravity.prefab
  artifactKey: Guid(7d6835d9db898fa4bbfda5d62c496786) Importer(815301076,1909f56bfc062723c751e8b465ee728b)
Start importing Assets/JMO Assets/Cartoon FX (legacy)/CFX3 Prefabs/Misc/CFX3_Hit_Misc_B_Gravity.prefab using Guid(7d6835d9db898fa4bbfda5d62c496786) Importer(815301076,1909f56bfc062723c751e8b465ee728b)  -> (artifact id: '1a1bdb45a4255c4232bad63a2df5cc78') in 0.010100 seconds 
========================================================================
Received Import Request.
  Time since last request: 0.000029 seconds.
  path: Assets/Photon/PhotonUnityNetworking/Demos/DemoAsteroids/Prefabs/Bullet.prefab
  artifactKey: Guid(5624ee9da9d10514ea7b808e83979c85) Importer(815301076,1909f56bfc062723c751e8b465ee728b)
Start importing Assets/Photon/PhotonUnityNetworking/Demos/DemoAsteroids/Prefabs/Bullet.prefab using Guid(5624ee9da9d10514ea7b808e83979c85) Importer(815301076,1909f56bfc062723c751e8b465ee728b)  -> (artifact id: '766e24637a5e0146afed7e883755be09') in 0.030587 seconds 
========================================================================
Received Import Request.
  Time since last request: 0.000029 seconds.
  path: Assets/JMO Assets/Cartoon FX Remaster/CFXR Assets/Meshes/cfxr particle_electric_arc_2.fbx
  artifactKey: Guid(f6ce39f7cf5788047aa637110fa7ebe1) Importer(815301076,1909f56bfc062723c751e8b465ee728b)
Start importing Assets/JMO Assets/Cartoon FX Remaster/CFXR Assets/Meshes/cfxr particle_electric_arc_2.fbx using Guid(f6ce39f7cf5788047aa637110fa7ebe1) Importer(815301076,1909f56bfc062723c751e8b465ee728b)  -> (artifact id: '6e3dc169798cf1a1b8010403608f6167') in 0.016157 seconds 
========================================================================
Received Import Request.
  Time since last request: 0.000025 seconds.
  path: Assets/JMO Assets/Cartoon FX (legacy)/CFX3 Prefabs/Electric/CFX3_Hit_Electric_C_Air.prefab
  artifactKey: Guid(e243632bb3aff9549abdcfcc2ef0c4f0) Importer(815301076,1909f56bfc062723c751e8b465ee728b)
Start importing Assets/JMO Assets/Cartoon FX (legacy)/CFX3 Prefabs/Electric/CFX3_Hit_Electric_C_Air.prefab using Guid(e243632bb3aff9549abdcfcc2ef0c4f0) Importer(815301076,1909f56bfc062723c751e8b465ee728b)  -> (artifact id: '32f9de59e5bdfb021f0d483b9ac86eed') in 0.016179 seconds 
========================================================================
Received Import Request.
  Time since last request: 0.000033 seconds.
  path: Assets/JMO Assets/Cartoon FX (legacy)/CFX4 Prefabs/Fire/CFX4 Fire.prefab
  artifactKey: Guid(1c20c7996d683754db1f0f62a361952c) Importer(815301076,1909f56bfc062723c751e8b465ee728b)
Start importing Assets/JMO Assets/Cartoon FX (legacy)/CFX4 Prefabs/Fire/CFX4 Fire.prefab using Guid(1c20c7996d683754db1f0f62a361952c) Importer(815301076,1909f56bfc062723c751e8b465ee728b)  -> (artifact id: 'df4dfd162f3c2ca8d877c3355b151cb9') in 0.016026 seconds 
========================================================================
Received Import Request.
  Time since last request: 0.000029 seconds.
  path: Assets/JMO Assets/Cartoon FX Remaster/CFXR Assets/Meshes/cfxr mesh star8.fbx
  artifactKey: Guid(fb0f8bc3240c8144cb32581b07e12ef0) Importer(815301076,1909f56bfc062723c751e8b465ee728b)
Start importing Assets/JMO Assets/Cartoon FX Remaster/CFXR Assets/Meshes/cfxr mesh star8.fbx using Guid(fb0f8bc3240c8144cb32581b07e12ef0) Importer(815301076,1909f56bfc062723c751e8b465ee728b)  -> (artifact id: '39d4e2f655748954ca9a115f4634f903') in 0.013152 seconds 
========================================================================
Received Import Request.
  Time since last request: 0.000057 seconds.
  path: Assets/JMO Assets/Cartoon FX (legacy)/CFX Prefabs/Misc/CFX_Virus.prefab
  artifactKey: Guid(2a474af3f4c27be4e9bdce39cfe4315d) Importer(815301076,1909f56bfc062723c751e8b465ee728b)
Start importing Assets/JMO Assets/Cartoon FX (legacy)/CFX Prefabs/Misc/CFX_Virus.prefab using Guid(2a474af3f4c27be4e9bdce39cfe4315d) Importer(815301076,1909f56bfc062723c751e8b465ee728b)  -> (artifact id: '689db65e2ef149dd7d2177cf4f06cb8e') in 0.014953 seconds 
========================================================================
Received Import Request.
  Time since last request: 0.000040 seconds.
  path: Assets/JMO Assets/Cartoon FX Remaster/CFXR Prefabs/Liquids/CFXR2 Blood (Directional).prefab
  artifactKey: Guid(8f8fe12323625f5499b2853dd2ad3e58) Importer(815301076,1909f56bfc062723c751e8b465ee728b)
Start importing Assets/JMO Assets/Cartoon FX Remaster/CFXR Prefabs/Liquids/CFXR2 Blood (Directional).prefab using Guid(8f8fe12323625f5499b2853dd2ad3e58) Importer(815301076,1909f56bfc062723c751e8b465ee728b)  -> (artifact id: '63f5a605c66b51aab03e87627b6b6665') in 0.046850 seconds 
========================================================================
Received Import Request.
  Time since last request: 0.000026 seconds.
  path: Assets/JMO Assets/Cartoon FX (legacy)/CFX3 Prefabs/Magic Misc/CFX3_MagicAura_D_Runic.prefab
  artifactKey: Guid(e3d819d8722fa1f47a3f68574b56dfb3) Importer(815301076,1909f56bfc062723c751e8b465ee728b)
Start importing Assets/JMO Assets/Cartoon FX (legacy)/CFX3 Prefabs/Magic Misc/CFX3_MagicAura_D_Runic.prefab using Guid(e3d819d8722fa1f47a3f68574b56dfb3) Importer(815301076,1909f56bfc062723c751e8b465ee728b)  -> (artifact id: 'f57ea5e8ec300d74cc42da030c449595') in 0.016427 seconds 
========================================================================
Received Import Request.
  Time since last request: 0.000026 seconds.
  path: Assets/JMO Assets/Cartoon FX Remaster/CFXR Assets/Meshes/cfxr mesh donut.fbx
  artifactKey: Guid(5d48695472dfda94b92ac5316397da95) Importer(815301076,1909f56bfc062723c751e8b465ee728b)
Start importing Assets/JMO Assets/Cartoon FX Remaster/CFXR Assets/Meshes/cfxr mesh donut.fbx using Guid(5d48695472dfda94b92ac5316397da95) Importer(815301076,1909f56bfc062723c751e8b465ee728b)  -> (artifact id: '4471719226be0d42f0161ef8916db085') in 0.020646 seconds 
========================================================================
Received Import Request.
  Time since last request: 0.000029 seconds.
  path: Assets/JMO Assets/Cartoon FX (legacy)/CFX3 Prefabs/Environment/CFX3_Snow_Dense.prefab
  artifactKey: Guid(de07bf378e7247444a0715ad2ff509e3) Importer(815301076,1909f56bfc062723c751e8b465ee728b)
Start importing Assets/JMO Assets/Cartoon FX (legacy)/CFX3 Prefabs/Environment/CFX3_Snow_Dense.prefab using Guid(de07bf378e7247444a0715ad2ff509e3) Importer(815301076,1909f56bfc062723c751e8b465ee728b)  -> (artifact id: '1243ef472a89f4e74b1372a7c9739266') in 0.012454 seconds 
========================================================================
Received Import Request.
  Time since last request: 0.000029 seconds.
  path: Assets/JMO Assets/Cartoon FX Remaster/CFXR Prefabs/Misc/CFXR2 Poison Cloud.prefab
  artifactKey: Guid(bbeeb0ddc21369746aaaae5c5c1c09cf) Importer(815301076,1909f56bfc062723c751e8b465ee728b)
Start importing Assets/JMO Assets/Cartoon FX Remaster/CFXR Prefabs/Misc/CFXR2 Poison Cloud.prefab using Guid(bbeeb0ddc21369746aaaae5c5c1c09cf) Importer(815301076,1909f56bfc062723c751e8b465ee728b)  -> (artifact id: '0c21cb335236ad0718639ade3a407bc7') in 0.078395 seconds 
========================================================================
Received Import Request.
  Time since last request: 0.000027 seconds.
  path: Assets/JMO Assets/Cartoon FX (legacy)/CFX Prefabs/Misc/CFX_Poof.prefab
  artifactKey: Guid(3156817f64ec68948ad6bb26569b9ef5) Importer(815301076,1909f56bfc062723c751e8b465ee728b)
Start importing Assets/JMO Assets/Cartoon FX (legacy)/CFX Prefabs/Misc/CFX_Poof.prefab using Guid(3156817f64ec68948ad6bb26569b9ef5) Importer(815301076,1909f56bfc062723c751e8b465ee728b)  -> (artifact id: '6d5db399398f757968026d50228a94f1') in 0.010869 seconds 
========================================================================
Received Import Request.
  Time since last request: 0.000105 seconds.
  path: Assets/JMO Assets/Cartoon FX Remaster/CFXR Prefabs/Liquids/CFXR Water Ripples.prefab
  artifactKey: Guid(5a8d99fb95262ea458a7b580f2a1611c) Importer(815301076,1909f56bfc062723c751e8b465ee728b)
Start importing Assets/JMO Assets/Cartoon FX Remaster/CFXR Prefabs/Liquids/CFXR Water Ripples.prefab using Guid(5a8d99fb95262ea458a7b580f2a1611c) Importer(815301076,1909f56bfc062723c751e8b465ee728b)  -> (artifact id: 'd50814d7640e13c300ac3a7e563336b2') in 0.080310 seconds 
========================================================================
Received Import Request.
  Time since last request: 0.000027 seconds.
  path: Assets/JMO Assets/Cartoon FX Remaster/CFXR Prefabs/Misc/CFXR Flash.prefab
  artifactKey: Guid(59a35ab9f68edff40b6e5332bed330f5) Importer(815301076,1909f56bfc062723c751e8b465ee728b)
Start importing Assets/JMO Assets/Cartoon FX Remaster/CFXR Prefabs/Misc/CFXR Flash.prefab using Guid(59a35ab9f68edff40b6e5332bed330f5) Importer(815301076,1909f56bfc062723c751e8b465ee728b)  -> (artifact id: 'a55cafe85d4d3fe76289547ca2bf10a0') in 0.014882 seconds 
Editor requested this worker to shutdown with reason: Scaling down because of idle timeout
AssetImportWorker is now disconnected from the server
Process exiting
Exiting without the bug reporter. Application will terminate with return code 0